1408464876|/index.php?id=log|http://k2.ru/
1408464876|/index.php?id=log|http://k2.ru/
1408464915|/index.php?id=log|http://k2.ru/
1408464942|/index.php?id=log|http://k2.ru/
1408464959|/index.php?id=log|http://k2.ru/
1408464960|/index.php?id=log|http://k2.ru/
1408464960|/index.php?id=log|http://k2.ru/
1408464971|/index.php|http://k2.ru/index.php?id=log
1408464980|/index.php?id=log|http://k2.ru/index.php
1408465023|/index.php?id=log|http://k2.ru/index.php
1408465025|/index.php?id=gbook|http://k2.ru/index.php?id=log
1408465032|/index.php?id=contact|http://k2.ru/index.php
1408465051|/index.php?id=test|
1408465059|/index.php?id=log|http://k2.ru/index.php?id=test
1408465134|/index.php?id=log|http://k2.ru/index.php?id=test
1408465260|/index.php?id=log|http://k2.ru/index.php?id=test
1408465261|/index.php?id=log|http://k2.ru/index.php?id=test
1408465261|/index.php?id=log|http://k2.ru/index.php?id=test
1408465277|/index.php?id=log|http://k2.ru/index.php?id=test
1408465278|/index.php?id=log|http://k2.ru/index.php?id=test
1408465313|/index.php?id=log|http://k2.ru/index.php?id=test
1408465332|/index.php?id=log|http://k2.ru/index.php?id=test
1408553412|/|
1408553414|/index.php?id=gbook|http://k2.ru/
1408553455|/index.php?id=gbook|http://k2.ru/index.php?id=gbook
1408553542|/index.php?id=gbook|http://k2.ru/index.php?id=gbook
1408553581|/index.php?id=gbook|http://k2.ru/index.php?id=gbook
1408631758|/|
1408632679|/index.php?id=gbook|http://k2.ru/
1408632910|/index.php?id=gbook|http://k2.ru/
1408632911|/index.php?id=gbook|http://k2.ru/
1408632912|/index.php?id=gbook|http://k2.ru/
1408632912|/index.php?id=gbook|http://k2.ru/
1408632947|/index.php?id=gbook|http://k2.ru/
1408632948|/index.php?id=gbook|http://k2.ru/
1408632948|/index.php?id=gbook|http://k2.ru/
1408632949|/index.php?id=gbook|http://k2.ru/
1408632949|/index.php?id=gbook|http://k2.ru/
1408633021|/index.php?id=gbook|http://k2.ru/
1408633022|/index.php?id=gbook|http://k2.ru/
1408633022|/index.php?id=gbook|http://k2.ru/
1408633286|/index.php?id=gbook|http://k2.ru/
1408633311|/index.php?id=gbook|http://k2.ru/
1408633312|/index.php?id=gbook|http://k2.ru/
1408633312|/index.php?id=gbook|http://k2.ru/
1408633312|/index.php?id=gbook|http://k2.ru/
1408633744|/index.php?id=gbook|http://k2.ru/
1408633882|/index.php?id=gbook|http://k2.ru/
1408633980|/index.php?id=gbook|http://k2.ru/
1408634064|/index.php?id=gbook|http://k2.ru/
1408634522|/index.php?id=gbook|http://k2.ru/
1408634592|/index.php?id=gbook|http://k2.ru/
1408634592|/index.php?id=gbook|http://k2.ru/
1408634592|/index.php?id=gbook|http://k2.ru/
1408634593|/index.php?id=gbook|http://k2.ru/
1408634593|/index.php?id=gbook|http://k2.ru/
1408634660|/index.php?id=gbook|http://k2.ru/
1408634660|/index.php?id=gbook|http://k2.ru/
1408634661|/index.php?id=gbook|http://k2.ru/
1408634661|/index.php?id=gbook|http://k2.ru/
1408634824|/index.php?id=gbook|http://k2.ru/
1408634825|/index.php?id=gbook|http://k2.ru/
1408634841|/index.php?id=gbook|http://k2.ru/
1408634842|/index.php?id=gbook|http://k2.ru/
1408634842|/index.php?id=gbook|http://k2.ru/
1408634843|/index.php?id=gbook|http://k2.ru/
1408634843|/index.php?id=gbook|http://k2.ru/
1408634843|/index.php?id=gbook|http://k2.ru/
1408634884|/index.php?id=gbook|http://k2.ru/
1408634885|/index.php?id=gbook|http://k2.ru/
1408634885|/index.php?id=gbook|http://k2.ru/
1408634885|/index.php?id=gbook|http://k2.ru/
1408634885|/index.php?id=gbook|http://k2.ru/
1408634931|/index.php?id=gbook|http://k2.ru/
1408634933|/index.php?id=gbook|http://k2.ru/
1408634933|/index.php?id=gbook|http://k2.ru/
1408634933|/index.php?id=gbook|http://k2.ru/
1408634965|/index.php?id=gbook|http://k2.ru/
1408634966|/index.php?id=gbook|http://k2.ru/
1408634966|/index.php?id=gbook|http://k2.ru/
1408634966|/index.php?id=gbook|http://k2.ru/
1408634966|/index.php?id=gbook|http://k2.ru/
1408634967|/index.php?id=gbook|http://k2.ru/
1408634967|/index.php?id=gbook|http://k2.ru/
1408634967|/index.php?id=gbook|http://k2.ru/
1408634967|/index.php?id=gbook|http://k2.ru/
1408634967|/index.php?id=gbook|http://k2.ru/
1408635102|/index.php?id=gbook|http://k2.ru/
1408635102|/index.php?id=gbook|http://k2.ru/
1408635103|/index.php?id=gbook|http://k2.ru/
1408635103|/index.php?id=gbook|http://k2.ru/
1408635103|/index.php?id=gbook|http://k2.ru/
1408635103|/index.php?id=gbook|http://k2.ru/
1408635148|/index.php?id=gbook|http://k2.ru/
1408635197|/index.php?id=gbook|http://k2.ru/index.php?id=gbook
1408635359|/index.php?id=gbook|http://k2.ru/index.php?id=gbook
1408635398|/index.php?id=gbook|http://k2.ru/index.php?id=gbook
1408635730|/index.php?id=gbook|http://k2.ru/index.php?id=gbook
1408635909|/index.php?id=gbook|http://k2.ru/index.php?id=gbook
1408635922|/index.php?id=gbook|http://k2.ru/index.php?id=gbook
1408636059|/index.php?id=gbook|http://k2.ru/index.php?id=gbook
1408636108|/index.php?id=gbook|http://k2.ru/index.php?id=gbook
1408636141|/index.php?id=gbook|http://k2.ru/index.php?id=gbook
1408636235|/index.php?id=gbook|http://k2.ru/index.php?id=gbook
1408636295|/index.php?id=gbook|http://k2.ru/index.php?id=gbook
1408636432|/index.php?id=gbook|http://k2.ru/index.php?id=gbook
1408636467|/index.php?id=gbook|http://k2.ru/index.php?id=gbook
1408636574|/index.php?id=gbook|http://k2.ru/index.php?id=gbook
1408636596|/index.php?id=gbook|http://k2.ru/index.php?id=gbook
1408636737|/index.php?id=gbook|http://k2.ru/index.php?id=gbook
1408636847|/index.php?id=gbook|http://k2.ru/index.php?id=gbook
1408636851|/index.php?id=gbook|http://k2.ru/index.php?id=gbook
1408637057|/index.php?id=gbook|http://k2.ru/index.php?id=gbook
1408637081|/index.php?id=gbook|http://k2.ru/index.php?id=gbook
1408637114|/index.php?id=gbook|http://k2.ru/index.php?id=gbook
1408637116|/index.php?id=gbook&del=|http://k2.ru/index.php?id=gbook
1408637119|/index.php?id=gbook&del=|http://k2.ru/index.php?id=gbook&del=
1408637121|/index.php?id=gbook&del=|http://k2.ru/index.php?id=gbook&del=
1408637124|/index.php?id=gbook&del=|http://k2.ru/index.php?id=gbook&del=
1408637190|/index.php?id=gbook&del=|http://k2.ru/index.php?id=gbook&del=
1408637190|/|http://k2.ru/index.php?id=gbook&del=
1408637190|/|http://k2.ru/index.php?id=gbook&del=
1408637190|/|http://k2.ru/index.php?id=gbook&del=
1408637190|/|http://k2.ru/index.php?id=gbook&del=
1408637190|/|http://k2.ru/index.php?id=gbook&del=
1408637190|/|http://k2.ru/index.php?id=gbook&del=
1408637190|/|http://k2.ru/index.php?id=gbook&del=
1408637190|/|http://k2.ru/index.php?id=gbook&del=
1408637190|/|http://k2.ru/index.php?id=gbook&del=
1408637190|/|http://k2.ru/index.php?id=gbook&del=
1408637190|/|http://k2.ru/index.php?id=gbook&del=
1408637190|/|http://k2.ru/index.php?id=gbook&del=
1408637190|/|http://k2.ru/index.php?id=gbook&del=
1408637190|/|http://k2.ru/index.php?id=gbook&del=
1408637190|/|http://k2.ru/index.php?id=gbook&del=
1408637190|/|http://k2.ru/index.php?id=gbook&del=
1408637190|/|http://k2.ru/index.php?id=gbook&del=
1408637190|/|http://k2.ru/index.php?id=gbook&del=
1408637190|/|http://k2.ru/index.php?id=gbook&del=
1408637190|/|http://k2.ru/index.php?id=gbook&del=
1408637192|/|http://k2.ru/index.php?id=gbook&del=
1408637192|/|http://k2.ru/index.php?id=gbook&del=
1408637192|/|http://k2.ru/index.php?id=gbook&del=
1408637192|/|http://k2.ru/index.php?id=gbook&del=
1408637192|/|http://k2.ru/index.php?id=gbook&del=
1408637192|/|http://k2.ru/index.php?id=gbook&del=
1408637192|/|http://k2.ru/index.php?id=gbook&del=
1408637192|/|http://k2.ru/index.php?id=gbook&del=
1408637192|/|http://k2.ru/index.php?id=gbook&del=
1408637192|/|http://k2.ru/index.php?id=gbook&del=
1408637192|/|http://k2.ru/index.php?id=gbook&del=
1408637192|/|http://k2.ru/index.php?id=gbook&del=
1408637192|/|http://k2.ru/index.php?id=gbook&del=
1408637192|/|http://k2.ru/index.php?id=gbook&del=
1408637192|/|http://k2.ru/index.php?id=gbook&del=
1408637192|/|http://k2.ru/index.php?id=gbook&del=
1408637192|/|http://k2.ru/index.php?id=gbook&del=
1408637192|/|http://k2.ru/index.php?id=gbook&del=
1408637192|/|http://k2.ru/index.php?id=gbook&del=
1408637192|/|http://k2.ru/index.php?id=gbook&del=
1408637192|/|http://k2.ru/index.php?id=gbook&del=
1408637194|/|
1408637194|/|
1408637194|/|
1408637194|/|
1408637194|/|
1408637194|/|
1408637194|/|
1408637194|/|
1408637194|/|
1408637194|/|
1408637194|/|
1408637194|/|
1408637194|/|
1408637194|/|
1408637194|/|
1408637194|/|
1408637194|/|
1408637194|/|
1408637194|/|
1408637194|/|
1408637194|/|
1408637197|/|
1408637197|/|
1408637197|/|
1408637197|/|
1408637197|/|
1408637197|/|
1408637197|/|
1408637197|/|
1408637197|/|
1408637197|/|
1408637197|/|
1408637197|/|
1408637197|/|
1408637197|/|
1408637197|/|
1408637197|/|
1408637197|/|
1408637197|/|
1408637197|/|
1408637197|/|
1408637197|/|
1408637209|/|
1408637214|/index.php?id=gbook|http://k2.ru/
1408637218|/index.php?id=gbook|http://k2.ru/
1408637219|/index.php?id=gbook|http://k2.ru/
1408637220|/index.php?id=gbook|http://k2.ru/
1408637221|/index.php?id=gbook&del=|http://k2.ru/index.php?id=gbook
1408637223|/index.php?id=gbook&del=|http://k2.ru/index.php?id=gbook&del=
1408637325|/index.php?id=gbook&del=|http://k2.ru/index.php?id=gbook&del=
1408637327|/index.php?id=gbook&del=12|http://k2.ru/index.php?id=gbook&del=
1408637357|/index.php?id=gbook&del=12|http://k2.ru/index.php?id=gbook&del=
1408637359|/index.php?id=gbook&del=|http://k2.ru/index.php?id=gbook&del=12
1408637448|/index.php?id=gbook&del=|http://k2.ru/index.php?id=gbook&del=12
1408637452|/index.php?id=gbook&del=5|http://k2.ru/index.php?id=gbook&del=
1408637455|/index.php?id=gbook&del=5|http://k2.ru/index.php?id=gbook&del=5
1408637458|/index.php?id=gbook&del=85|http://k2.ru/index.php?id=gbook&del=5
1408637496|/index.php?id=gbook&del=85|http://k2.ru/index.php?id=gbook&del=5
1408637498|/index.php?id=gbook&del=|http://k2.ru/index.php?id=gbook&del=85
1408637500|/index.php?id=gbook&del=|http://k2.ru/index.php?id=gbook&del=
1408637791|/index.php?id=gbook&del=|http://k2.ru/index.php?id=gbook&del=
1408639544|/index.php?id=gbook|http://k2.ru/index.php?id=gbook&del=
1408639631|/|http://k2.ru/eshop
1408641153|/|
1408717726|/|
1408976772|/|
1409064648|/|
1409064652|/index.php?id=about|http://k2.ru/
1409064654|/index.php?id=info|http://k2.ru/index.php?id=about
1409064660|/index.php?id=gbook|http://k2.ru/index.php?id=info
